Not searching for unused variables given on the command line.
[36m--[0m The C compiler identification is GNU 9.4.0
[36m--[0m The CXX compiler identification is GNU 9.4.0
[36m--[0m Check for working C compiler: /usr/bin/cc
[36m--[0m Check for working C compiler: /usr/bin/cc -- works
[36m--[0m Detecting C compiler ABI info
[36m--[0m Detecting C compiler ABI info - done
[36m--[0m Detecting C compile features
[36m--[0m Detecting C compile features - done
[36m--[0m Check for working CXX compiler: /usr/bin/c++
[36m--[0m Check for working CXX compiler: /usr/bin/c++ -- works
[36m--[0m Detecting CXX compiler ABI info
[36m--[0m Detecting CXX compiler ABI info - done
[36m--[0m Detecting CXX compile features
[36m--[0m Detecting CXX compile features - done
[36m--[0m Using CATKIN_DEVEL_PREFIX: /home/andva/PromRacing/fsd_skeleton/devel/.private/fssim_rqt_plugins
[36m--[0m Using CMAKE_PREFIX_PATH: /home/andva/PromRacing/fsd_skeleton/devel;/home/andva/PromRacing/simulator/ws/devel;/home/andva/Sxolh/robo2/robo2_redundant/workspace/devel;/opt/ros/noetic
[36m--[0m This workspace overlays: /home/andva/PromRacing/fsd_skeleton/devel;/home/andva/PromRacing/simulator/ws/devel;/home/andva/Sxolh/robo2/robo2_redundant/workspace/devel;/opt/ros/noetic
[36m--[0m Found PythonInterp: /home/andva/anaconda3/bin/python3 (found suitable version "3.8.5", minimum required is "3")
[36m--[0m Using PYTHON_EXECUTABLE: /home/andva/anaconda3/bin/python3
[36m--[0m Using Debian Python package layout
[36m--[0m Found PY_em: /home/andva/anaconda3/lib/python3.8/site-packages/em.py
[36m--[0m Using empy: /home/andva/anaconda3/lib/python3.8/site-packages/em.py
[36m--[0m Using CATKIN_ENABLE_TESTING: ON
[36m--[0m Call enable_testing()
[36m--[0m Using CATKIN_TEST_RESULTS_DIR: /home/andva/PromRacing/fsd_skeleton/build/fssim_rqt_plugins/test_results
[36m--[0m Forcing gtest/gmock from source, though one was otherwise available.
[36m--[0m Found gtest sources under '/usr/src/googletest': gtests will be built
[36m--[0m Found gmock sources under '/usr/src/googletest': gmock will be built
[36m--[0m Found PythonInterp: /home/andva/anaconda3/bin/python3 (found version "3.8.5")
[36m--[0m Found Threads: TRUE
[36m--[0m Using Python nosetests: /usr/bin/nosetests3
[36m--[0m catkin 0.8.10
[36m--[0m BUILD_SHARED_LIBS is on
[36m--[0m Configuring done
[36m--[0m Generating done
[36m--[0m Build files have been written to: /home/andva/PromRacing/fsd_skeleton/build/fssim_rqt_plugins
