Not searching for unused variables given on the command line.
CMake Warning (dev) at CMakeLists.txt:24 (project):
  Policy CMP0048 is not set: project() command manages VERSION variables.
  Run "cmake --help-policy CMP0048" for policy details.  Use the cmake_policy
  command to set the policy and suppress this warning.

  The following variable(s) would be set to empty:

    CMAKE_PROJECT_VERSION
    CMAKE_PROJECT_VERSION_MAJOR
    CMAKE_PROJECT_VERSION_MINOR
    CMAKE_PROJECT_VERSION_PATCH
This warning is for project developers.  Use -Wno-dev to suppress it.

[36m--[0m Using CATKIN_DEVEL_PREFIX: /home/andva/PromRacing/fsd_skeleton/devel/.private/fssim_gazebo_plugins
[36m--[0m Using CMAKE_PREFIX_PATH: /home/andva/PromRacing/fsd_skeleton/devel;/home/andva/PromRacing/simulator/ws/devel;/home/andva/Sxolh/robo2/robo2_redundant/workspace/devel;/opt/ros/noetic
[36m--[0m This workspace overlays: /home/andva/PromRacing/fsd_skeleton/devel;/home/andva/PromRacing/simulator/ws/devel;/home/andva/Sxolh/robo2/robo2_redundant/workspace/devel;/opt/ros/noetic
[36m--[0m Found PythonInterp: /home/andva/anaconda3/bin/python3 (found suitable version "3.8.5", minimum required is "3")
[36m--[0m Using PYTHON_EXECUTABLE: /home/andva/anaconda3/bin/python3
[36m--[0m Using Debian Python package layout
[36m--[0m Using empy: /home/andva/anaconda3/lib/python3.8/site-packages/em.py
[36m--[0m Using CATKIN_ENABLE_TESTING: ON
[36m--[0m Call enable_testing()
[36m--[0m Using CATKIN_TEST_RESULTS_DIR: /home/andva/PromRacing/fsd_skeleton/build/fssim_gazebo_plugins/test_results
[36m--[0m Forcing gtest/gmock from source, though one was otherwise available.
[36m--[0m Found gtest sources under '/usr/src/googletest': gtests will be built
[36m--[0m Found gmock sources under '/usr/src/googletest': gmock will be built
[36m--[0m Found PythonInterp: /home/andva/anaconda3/bin/python3 (found version "3.8.5")
[36m--[0m Using Python nosetests: /usr/bin/nosetests3
[36m--[0m catkin 0.8.10
[36m--[0m BUILD_SHARED_LIBS is on
[36m--[0m Using these message generators: gencpp;geneus;genlisp;gennodejs;genpy
[31m[1mCMake Error[0m at /home/andva/PromRacing/fsd_skeleton/src/fssim/fssim_gazebo_plugins/CMakeLists.txt:44 (find_package):
  Could not find a configuration file for package "gazebo" that is compatible
  with requested version "7".

  The following configuration files were considered but not accepted:

    /usr/lib/x86_64-linux-gnu/cmake/gazebo/gazebo-config.cmake, version: 11.9.0
    /lib/x86_64-linux-gnu/cmake/gazebo/gazebo-config.cmake, version: 11.9.0



[36m--[0m Configuring incomplete, errors occurred!
See also "/home/andva/PromRacing/fsd_skeleton/build/fssim_gazebo_plugins/CMakeFiles/CMakeOutput.log".
See also "/home/andva/PromRacing/fsd_skeleton/build/fssim_gazebo_plugins/CMakeFiles/CMakeError.log".
