Linked: (/home/andva/PromRacing/fsd_skeleton/devel/.private/fssim_common/share/fssim_common/cmake/fssim_common-msg-paths.cmake, /home/andva/PromRacing/fsd_skeleton/devel/share/fssim_common/cmake/fssim_common-msg-paths.cmake)
Linked: (/home/andva/PromRacing/fsd_skeleton/devel/.private/fssim_common/share/fssim_common/cmake/fssim_commonConfig.cmake, /home/andva/PromRacing/fsd_skeleton/devel/share/fssim_common/cmake/fssim_commonConfig.cmake)
Linked: (/home/andva/PromRacing/fsd_skeleton/devel/.private/fssim_common/share/fssim_common/cmake/fssim_commonConfig-version.cmake, /home/andva/PromRacing/fsd_skeleton/devel/share/fssim_common/cmake/fssim_commonConfig-version.cmake)
Linked: (/home/andva/PromRacing/fsd_skeleton/devel/.private/fssim_common/share/fssim_common/cmake/fssim_common-msg-extras.cmake, /home/andva/PromRacing/fsd_skeleton/devel/share/fssim_common/cmake/fssim_common-msg-extras.cmake)
Linked: (/home/andva/PromRacing/fsd_skeleton/devel/.private/fssim_common/share/common-lisp/ros/fssim_common/msg/_package_CarInfo.lisp, /home/andva/PromRacing/fsd_skeleton/devel/share/common-lisp/ros/fssim_common/msg/_package_CarInfo.lisp)
Linked: (/home/andva/PromRacing/fsd_skeleton/devel/.private/fssim_common/share/common-lisp/ros/fssim_common/msg/CarInfo.lisp, /home/andva/PromRacing/fsd_skeleton/devel/share/common-lisp/ros/fssim_common/msg/CarInfo.lisp)
Linked: (/home/andva/PromRacing/fsd_skeleton/devel/.private/fssim_common/share/common-lisp/ros/fssim_common/msg/Track.lisp, /home/andva/PromRacing/fsd_skeleton/devel/share/common-lisp/ros/fssim_common/msg/Track.lisp)
Linked: (/home/andva/PromRacing/fsd_skeleton/devel/.private/fssim_common/share/common-lisp/ros/fssim_common/msg/WheelSpeeds.lisp, /home/andva/PromRacing/fsd_skeleton/devel/share/common-lisp/ros/fssim_common/msg/WheelSpeeds.lisp)
Linked: (/home/andva/PromRacing/fsd_skeleton/devel/.private/fssim_common/share/common-lisp/ros/fssim_common/msg/_package_TopicState.lisp, /home/andva/PromRacing/fsd_skeleton/devel/share/common-lisp/ros/fssim_common/msg/_package_TopicState.lisp)
Linked: (/home/andva/PromRacing/fsd_skeleton/devel/.private/fssim_common/share/common-lisp/ros/fssim_common/msg/Mission.lisp, /home/andva/PromRacing/fsd_skeleton/devel/share/common-lisp/ros/fssim_common/msg/Mission.lisp)
Linked: (/home/andva/PromRacing/fsd_skeleton/devel/.private/fssim_common/share/common-lisp/ros/fssim_common/msg/_package_Track.lisp, /home/andva/PromRacing/fsd_skeleton/devel/share/common-lisp/ros/fssim_common/msg/_package_Track.lisp)
Linked: (/home/andva/PromRacing/fsd_skeleton/devel/.private/fssim_common/share/common-lisp/ros/fssim_common/msg/fssim_common-msg.asd, /home/andva/PromRacing/fsd_skeleton/devel/share/common-lisp/ros/fssim_common/msg/fssim_common-msg.asd)
Linked: (/home/andva/PromRacing/fsd_skeleton/devel/.private/fssim_common/share/common-lisp/ros/fssim_common/msg/TopicsHealth.lisp, /home/andva/PromRacing/fsd_skeleton/devel/share/common-lisp/ros/fssim_common/msg/TopicsHealth.lisp)
Linked: (/home/andva/PromRacing/fsd_skeleton/devel/.private/fssim_common/share/common-lisp/ros/fssim_common/msg/SimHealth.lisp, /home/andva/PromRacing/fsd_skeleton/devel/share/common-lisp/ros/fssim_common/msg/SimHealth.lisp)
Linked: (/home/andva/PromRacing/fsd_skeleton/devel/.private/fssim_common/share/common-lisp/ros/fssim_common/msg/Vector3Ext.lisp, /home/andva/PromRacing/fsd_skeleton/devel/share/common-lisp/ros/fssim_common/msg/Vector3Ext.lisp)
Linked: (/home/andva/PromRacing/fsd_skeleton/devel/.private/fssim_common/share/common-lisp/ros/fssim_common/msg/_package_Mission.lisp, /home/andva/PromRacing/fsd_skeleton/devel/share/common-lisp/ros/fssim_common/msg/_package_Mission.lisp)
Linked: (/home/andva/PromRacing/fsd_skeleton/devel/.private/fssim_common/share/common-lisp/ros/fssim_common/msg/ResState.lisp, /home/andva/PromRacing/fsd_skeleton/devel/share/common-lisp/ros/fssim_common/msg/ResState.lisp)
Linked: (/home/andva/PromRacing/fsd_skeleton/devel/.private/fssim_common/share/common-lisp/ros/fssim_common/msg/_package_ResState.lisp, /home/andva/PromRacing/fsd_skeleton/devel/share/common-lisp/ros/fssim_common/msg/_package_ResState.lisp)
Linked: (/home/andva/PromRacing/fsd_skeleton/devel/.private/fssim_common/share/common-lisp/ros/fssim_common/msg/_package.lisp, /home/andva/PromRacing/fsd_skeleton/devel/share/common-lisp/ros/fssim_common/msg/_package.lisp)
Linked: (/home/andva/PromRacing/fsd_skeleton/devel/.private/fssim_common/share/common-lisp/ros/fssim_common/msg/_package_WheelSpeeds.lisp, /home/andva/PromRacing/fsd_skeleton/devel/share/common-lisp/ros/fssim_common/msg/_package_WheelSpeeds.lisp)
Linked: (/home/andva/PromRacing/fsd_skeleton/devel/.private/fssim_common/share/common-lisp/ros/fssim_common/msg/_package_Vector3Ext.lisp, /home/andva/PromRacing/fsd_skeleton/devel/share/common-lisp/ros/fssim_common/msg/_package_Vector3Ext.lisp)
Linked: (/home/andva/PromRacing/fsd_skeleton/devel/.private/fssim_common/share/common-lisp/ros/fssim_common/msg/Cmd.lisp, /home/andva/PromRacing/fsd_skeleton/devel/share/common-lisp/ros/fssim_common/msg/Cmd.lisp)
Linked: (/home/andva/PromRacing/fsd_skeleton/devel/.private/fssim_common/share/common-lisp/ros/fssim_common/msg/_package_TopicsHealth.lisp, /home/andva/PromRacing/fsd_skeleton/devel/share/common-lisp/ros/fssim_common/msg/_package_TopicsHealth.lisp)
Linked: (/home/andva/PromRacing/fsd_skeleton/devel/.private/fssim_common/share/common-lisp/ros/fssim_common/msg/_package_Cmd.lisp, /home/andva/PromRacing/fsd_skeleton/devel/share/common-lisp/ros/fssim_common/msg/_package_Cmd.lisp)
Linked: (/home/andva/PromRacing/fsd_skeleton/devel/.private/fssim_common/share/common-lisp/ros/fssim_common/msg/_package_SimHealth.lisp, /home/andva/PromRacing/fsd_skeleton/devel/share/common-lisp/ros/fssim_common/msg/_package_SimHealth.lisp)
Linked: (/home/andva/PromRacing/fsd_skeleton/devel/.private/fssim_common/share/common-lisp/ros/fssim_common/msg/_package_State.lisp, /home/andva/PromRacing/fsd_skeleton/devel/share/common-lisp/ros/fssim_common/msg/_package_State.lisp)
Linked: (/home/andva/PromRacing/fsd_skeleton/devel/.private/fssim_common/share/common-lisp/ros/fssim_common/msg/TopicState.lisp, /home/andva/PromRacing/fsd_skeleton/devel/share/common-lisp/ros/fssim_common/msg/TopicState.lisp)
Linked: (/home/andva/PromRacing/fsd_skeleton/devel/.private/fssim_common/share/common-lisp/ros/fssim_common/msg/State.lisp, /home/andva/PromRacing/fsd_skeleton/devel/share/common-lisp/ros/fssim_common/msg/State.lisp)
Linked: (/home/andva/PromRacing/fsd_skeleton/devel/.private/fssim_common/share/roseus/ros/fssim_common/manifest.l, /home/andva/PromRacing/fsd_skeleton/devel/share/roseus/ros/fssim_common/manifest.l)
Linked: (/home/andva/PromRacing/fsd_skeleton/devel/.private/fssim_common/share/roseus/ros/fssim_common/msg/Vector3Ext.l, /home/andva/PromRacing/fsd_skeleton/devel/share/roseus/ros/fssim_common/msg/Vector3Ext.l)
Linked: (/home/andva/PromRacing/fsd_skeleton/devel/.private/fssim_common/share/roseus/ros/fssim_common/msg/ResState.l, /home/andva/PromRacing/fsd_skeleton/devel/share/roseus/ros/fssim_common/msg/ResState.l)
Linked: (/home/andva/PromRacing/fsd_skeleton/devel/.private/fssim_common/share/roseus/ros/fssim_common/msg/TopicsHealth.l, /home/andva/PromRacing/fsd_skeleton/devel/share/roseus/ros/fssim_common/msg/TopicsHealth.l)
Linked: (/home/andva/PromRacing/fsd_skeleton/devel/.private/fssim_common/share/roseus/ros/fssim_common/msg/Mission.l, /home/andva/PromRacing/fsd_skeleton/devel/share/roseus/ros/fssim_common/msg/Mission.l)
Linked: (/home/andva/PromRacing/fsd_skeleton/devel/.private/fssim_common/share/roseus/ros/fssim_common/msg/SimHealth.l, /home/andva/PromRacing/fsd_skeleton/devel/share/roseus/ros/fssim_common/msg/SimHealth.l)
Linked: (/home/andva/PromRacing/fsd_skeleton/devel/.private/fssim_common/share/roseus/ros/fssim_common/msg/Track.l, /home/andva/PromRacing/fsd_skeleton/devel/share/roseus/ros/fssim_common/msg/Track.l)
Linked: (/home/andva/PromRacing/fsd_skeleton/devel/.private/fssim_common/share/roseus/ros/fssim_common/msg/State.l, /home/andva/PromRacing/fsd_skeleton/devel/share/roseus/ros/fssim_common/msg/State.l)
Linked: (/home/andva/PromRacing/fsd_skeleton/devel/.private/fssim_common/share/roseus/ros/fssim_common/msg/Cmd.l, /home/andva/PromRacing/fsd_skeleton/devel/share/roseus/ros/fssim_common/msg/Cmd.l)
Linked: (/home/andva/PromRacing/fsd_skeleton/devel/.private/fssim_common/share/roseus/ros/fssim_common/msg/TopicState.l, /home/andva/PromRacing/fsd_skeleton/devel/share/roseus/ros/fssim_common/msg/TopicState.l)
Linked: (/home/andva/PromRacing/fsd_skeleton/devel/.private/fssim_common/share/roseus/ros/fssim_common/msg/CarInfo.l, /home/andva/PromRacing/fsd_skeleton/devel/share/roseus/ros/fssim_common/msg/CarInfo.l)
Linked: (/home/andva/PromRacing/fsd_skeleton/devel/.private/fssim_common/share/roseus/ros/fssim_common/msg/WheelSpeeds.l, /home/andva/PromRacing/fsd_skeleton/devel/share/roseus/ros/fssim_common/msg/WheelSpeeds.l)
Linked: (/home/andva/PromRacing/fsd_skeleton/devel/.private/fssim_common/share/gennodejs/ros/fssim_common/_index.js, /home/andva/PromRacing/fsd_skeleton/devel/share/gennodejs/ros/fssim_common/_index.js)
Linked: (/home/andva/PromRacing/fsd_skeleton/devel/.private/fssim_common/share/gennodejs/ros/fssim_common/msg/TopicsHealth.js, /home/andva/PromRacing/fsd_skeleton/devel/share/gennodejs/ros/fssim_common/msg/TopicsHealth.js)
Linked: (/home/andva/PromRacing/fsd_skeleton/devel/.private/fssim_common/share/gennodejs/ros/fssim_common/msg/TopicState.js, /home/andva/PromRacing/fsd_skeleton/devel/share/gennodejs/ros/fssim_common/msg/TopicState.js)
Linked: (/home/andva/PromRacing/fsd_skeleton/devel/.private/fssim_common/share/gennodejs/ros/fssim_common/msg/CarInfo.js, /home/andva/PromRacing/fsd_skeleton/devel/share/gennodejs/ros/fssim_common/msg/CarInfo.js)
Linked: (/home/andva/PromRacing/fsd_skeleton/devel/.private/fssim_common/share/gennodejs/ros/fssim_common/msg/WheelSpeeds.js, /home/andva/PromRacing/fsd_skeleton/devel/share/gennodejs/ros/fssim_common/msg/WheelSpeeds.js)
Linked: (/home/andva/PromRacing/fsd_skeleton/devel/.private/fssim_common/share/gennodejs/ros/fssim_common/msg/ResState.js, /home/andva/PromRacing/fsd_skeleton/devel/share/gennodejs/ros/fssim_common/msg/ResState.js)
Linked: (/home/andva/PromRacing/fsd_skeleton/devel/.private/fssim_common/share/gennodejs/ros/fssim_common/msg/_index.js, /home/andva/PromRacing/fsd_skeleton/devel/share/gennodejs/ros/fssim_common/msg/_index.js)
Linked: (/home/andva/PromRacing/fsd_skeleton/devel/.private/fssim_common/share/gennodejs/ros/fssim_common/msg/State.js, /home/andva/PromRacing/fsd_skeleton/devel/share/gennodejs/ros/fssim_common/msg/State.js)
Linked: (/home/andva/PromRacing/fsd_skeleton/devel/.private/fssim_common/share/gennodejs/ros/fssim_common/msg/Cmd.js, /home/andva/PromRacing/fsd_skeleton/devel/share/gennodejs/ros/fssim_common/msg/Cmd.js)
Linked: (/home/andva/PromRacing/fsd_skeleton/devel/.private/fssim_common/share/gennodejs/ros/fssim_common/msg/Track.js, /home/andva/PromRacing/fsd_skeleton/devel/share/gennodejs/ros/fssim_common/msg/Track.js)
Linked: (/home/andva/PromRacing/fsd_skeleton/devel/.private/fssim_common/share/gennodejs/ros/fssim_common/msg/Mission.js, /home/andva/PromRacing/fsd_skeleton/devel/share/gennodejs/ros/fssim_common/msg/Mission.js)
Linked: (/home/andva/PromRacing/fsd_skeleton/devel/.private/fssim_common/share/gennodejs/ros/fssim_common/msg/Vector3Ext.js, /home/andva/PromRacing/fsd_skeleton/devel/share/gennodejs/ros/fssim_common/msg/Vector3Ext.js)
Linked: (/home/andva/PromRacing/fsd_skeleton/devel/.private/fssim_common/share/gennodejs/ros/fssim_common/msg/SimHealth.js, /home/andva/PromRacing/fsd_skeleton/devel/share/gennodejs/ros/fssim_common/msg/SimHealth.js)
Linked: (/home/andva/PromRacing/fsd_skeleton/devel/.private/fssim_common/include/fssim_common/Vector3Ext.h, /home/andva/PromRacing/fsd_skeleton/devel/include/fssim_common/Vector3Ext.h)
Linked: (/home/andva/PromRacing/fsd_skeleton/devel/.private/fssim_common/include/fssim_common/WheelSpeeds.h, /home/andva/PromRacing/fsd_skeleton/devel/include/fssim_common/WheelSpeeds.h)
Linked: (/home/andva/PromRacing/fsd_skeleton/devel/.private/fssim_common/include/fssim_common/ResState.h, /home/andva/PromRacing/fsd_skeleton/devel/include/fssim_common/ResState.h)
Linked: (/home/andva/PromRacing/fsd_skeleton/devel/.private/fssim_common/include/fssim_common/CarInfo.h, /home/andva/PromRacing/fsd_skeleton/devel/include/fssim_common/CarInfo.h)
Linked: (/home/andva/PromRacing/fsd_skeleton/devel/.private/fssim_common/include/fssim_common/TopicsHealth.h, /home/andva/PromRacing/fsd_skeleton/devel/include/fssim_common/TopicsHealth.h)
Linked: (/home/andva/PromRacing/fsd_skeleton/devel/.private/fssim_common/include/fssim_common/State.h, /home/andva/PromRacing/fsd_skeleton/devel/include/fssim_common/State.h)
Linked: (/home/andva/PromRacing/fsd_skeleton/devel/.private/fssim_common/include/fssim_common/SimHealth.h, /home/andva/PromRacing/fsd_skeleton/devel/include/fssim_common/SimHealth.h)
Linked: (/home/andva/PromRacing/fsd_skeleton/devel/.private/fssim_common/include/fssim_common/TopicState.h, /home/andva/PromRacing/fsd_skeleton/devel/include/fssim_common/TopicState.h)
Linked: (/home/andva/PromRacing/fsd_skeleton/devel/.private/fssim_common/include/fssim_common/Track.h, /home/andva/PromRacing/fsd_skeleton/devel/include/fssim_common/Track.h)
Linked: (/home/andva/PromRacing/fsd_skeleton/devel/.private/fssim_common/include/fssim_common/Cmd.h, /home/andva/PromRacing/fsd_skeleton/devel/include/fssim_common/Cmd.h)
Linked: (/home/andva/PromRacing/fsd_skeleton/devel/.private/fssim_common/include/fssim_common/Mission.h, /home/andva/PromRacing/fsd_skeleton/devel/include/fssim_common/Mission.h)
Linked: (/home/andva/PromRacing/fsd_skeleton/devel/.private/fssim_common/lib/python3/dist-packages/fssim_common/__init__.py, /home/andva/PromRacing/fsd_skeleton/devel/lib/python3/dist-packages/fssim_common/__init__.py)
Linked: (/home/andva/PromRacing/fsd_skeleton/devel/.private/fssim_common/lib/python3/dist-packages/fssim_common/msg/_State.py, /home/andva/PromRacing/fsd_skeleton/devel/lib/python3/dist-packages/fssim_common/msg/_State.py)
Linked: (/home/andva/PromRacing/fsd_skeleton/devel/.private/fssim_common/lib/python3/dist-packages/fssim_common/msg/_Mission.py, /home/andva/PromRacing/fsd_skeleton/devel/lib/python3/dist-packages/fssim_common/msg/_Mission.py)
Linked: (/home/andva/PromRacing/fsd_skeleton/devel/.private/fssim_common/lib/python3/dist-packages/fssim_common/msg/_CarInfo.py, /home/andva/PromRacing/fsd_skeleton/devel/lib/python3/dist-packages/fssim_common/msg/_CarInfo.py)
Linked: (/home/andva/PromRacing/fsd_skeleton/devel/.private/fssim_common/lib/python3/dist-packages/fssim_common/msg/_TopicsHealth.py, /home/andva/PromRacing/fsd_skeleton/devel/lib/python3/dist-packages/fssim_common/msg/_TopicsHealth.py)
Linked: (/home/andva/PromRacing/fsd_skeleton/devel/.private/fssim_common/lib/python3/dist-packages/fssim_common/msg/_Cmd.py, /home/andva/PromRacing/fsd_skeleton/devel/lib/python3/dist-packages/fssim_common/msg/_Cmd.py)
Linked: (/home/andva/PromRacing/fsd_skeleton/devel/.private/fssim_common/lib/python3/dist-packages/fssim_common/msg/_Vector3Ext.py, /home/andva/PromRacing/fsd_skeleton/devel/lib/python3/dist-packages/fssim_common/msg/_Vector3Ext.py)
Linked: (/home/andva/PromRacing/fsd_skeleton/devel/.private/fssim_common/lib/python3/dist-packages/fssim_common/msg/__init__.py, /home/andva/PromRacing/fsd_skeleton/devel/lib/python3/dist-packages/fssim_common/msg/__init__.py)
Linked: (/home/andva/PromRacing/fsd_skeleton/devel/.private/fssim_common/lib/python3/dist-packages/fssim_common/msg/_ResState.py, /home/andva/PromRacing/fsd_skeleton/devel/lib/python3/dist-packages/fssim_common/msg/_ResState.py)
Linked: (/home/andva/PromRacing/fsd_skeleton/devel/.private/fssim_common/lib/python3/dist-packages/fssim_common/msg/_Track.py, /home/andva/PromRacing/fsd_skeleton/devel/lib/python3/dist-packages/fssim_common/msg/_Track.py)
Linked: (/home/andva/PromRacing/fsd_skeleton/devel/.private/fssim_common/lib/python3/dist-packages/fssim_common/msg/_TopicState.py, /home/andva/PromRacing/fsd_skeleton/devel/lib/python3/dist-packages/fssim_common/msg/_TopicState.py)
Linked: (/home/andva/PromRacing/fsd_skeleton/devel/.private/fssim_common/lib/python3/dist-packages/fssim_common/msg/_SimHealth.py, /home/andva/PromRacing/fsd_skeleton/devel/lib/python3/dist-packages/fssim_common/msg/_SimHealth.py)
Linked: (/home/andva/PromRacing/fsd_skeleton/devel/.private/fssim_common/lib/python3/dist-packages/fssim_common/msg/_WheelSpeeds.py, /home/andva/PromRacing/fsd_skeleton/devel/lib/python3/dist-packages/fssim_common/msg/_WheelSpeeds.py)
Linked: (/home/andva/PromRacing/fsd_skeleton/devel/.private/fssim_common/lib/pkgconfig/fssim_common.pc, /home/andva/PromRacing/fsd_skeleton/devel/lib/pkgconfig/fssim_common.pc)
