[35m[1mScanning dependencies of target _fssim_common_generate_messages_check_deps_TopicsHealth[0m
[35m[1mScanning dependencies of target _fssim_common_generate_messages_check_deps_WheelSpeeds[0m
[35m[1mScanning dependencies of target _fssim_common_generate_messages_check_deps_Track[0m
[35m[1mScanning dependencies of target geometry_msgs_generate_messages_cpp[0m
[35m[1mScanning dependencies of target std_msgs_generate_messages_cpp[0m
[35m[1mScanning dependencies of target _fssim_common_generate_messages_check_deps_Mission[0m
[  0%] Built target geometry_msgs_generate_messages_cpp
[35m[1mScanning dependencies of target _fssim_common_generate_messages_check_deps_SimHealth[0m
[  0%] Built target std_msgs_generate_messages_cpp
[35m[1mScanning dependencies of target _fssim_common_generate_messages_check_deps_Vector3Ext[0m
[35m[1mScanning dependencies of target _fssim_common_generate_messages_check_deps_CarInfo[0m
[  0%] Built target _fssim_common_generate_messages_check_deps_WheelSpeeds
[  0%] Built target _fssim_common_generate_messages_check_deps_Track
[35m[1mScanning dependencies of target _fssim_common_generate_messages_check_deps_Cmd[0m
[  0%] Built target _fssim_common_generate_messages_check_deps_Mission
[  0%] Built target _fssim_common_generate_messages_check_deps_TopicsHealth
[35m[1mScanning dependencies of target _fssim_common_generate_messages_check_deps_TopicState[0m
[35m[1mScanning dependencies of target _fssim_common_generate_messages_check_deps_State[0m
[35m[1mScanning dependencies of target _fssim_common_generate_messages_check_deps_ResState[0m
[  0%] Built target _fssim_common_generate_messages_check_deps_SimHealth
[  0%] Built target _fssim_common_generate_messages_check_deps_Vector3Ext
[  0%] Built target _fssim_common_generate_messages_check_deps_CarInfo
[35m[1mScanning dependencies of target geometry_msgs_generate_messages_py[0m
[35m[1mScanning dependencies of target std_msgs_generate_messages_py[0m
[35m[1mScanning dependencies of target std_msgs_generate_messages_eus[0m
[  0%] Built target geometry_msgs_generate_messages_py
[  0%] Built target std_msgs_generate_messages_eus
[  0%] Built target _fssim_common_generate_messages_check_deps_Cmd
[  0%] Built target std_msgs_generate_messages_py
[  0%] Built target _fssim_common_generate_messages_check_deps_State
[  0%] Built target _fssim_common_generate_messages_check_deps_TopicState
[35m[1mScanning dependencies of target geometry_msgs_generate_messages_eus[0m
[35m[1mScanning dependencies of target geometry_msgs_generate_messages_nodejs[0m
[35m[1mScanning dependencies of target std_msgs_generate_messages_lisp[0m
[35m[1mScanning dependencies of target geometry_msgs_generate_messages_lisp[0m
[35m[1mScanning dependencies of target std_msgs_generate_messages_nodejs[0m
[  0%] Built target geometry_msgs_generate_messages_eus
[  0%] Built target _fssim_common_generate_messages_check_deps_ResState
[  0%] Built target geometry_msgs_generate_messages_nodejs
[  0%] Built target geometry_msgs_generate_messages_lisp
[  0%] Built target std_msgs_generate_messages_lisp
[  0%] Built target std_msgs_generate_messages_nodejs
[35m[1mScanning dependencies of target fssim_common_generate_messages_eus[0m
[35m[1mScanning dependencies of target fssim_common_generate_messages_cpp[0m
[35m[1mScanning dependencies of target fssim_common_generate_messages_lisp[0m
[35m[1mScanning dependencies of target fssim_common_generate_messages_py[0m
[35m[1mScanning dependencies of target fssim_common_generate_messages_nodejs[0m
[  1%] [34m[1mGenerating C++ code from fssim_common/CarInfo.msg[0m
[  5%] [34m[1mGenerating C++ code from fssim_common/Vector3Ext.msg[0m
[  3%] [34m[1mGenerating EusLisp code from fssim_common/CarInfo.msg[0m
[  7%] [34m[1mGenerating EusLisp code from fssim_common/Vector3Ext.msg[0m
[  8%] [34m[1mGenerating Lisp code from fssim_common/Vector3Ext.msg[0m
[ 10%] [34m[1mGenerating Python from MSG fssim_common/Vector3Ext[0m
[ 12%] [34m[1mGenerating Javascript code from fssim_common/Vector3Ext.msg[0m
[ 14%] [34m[1mGenerating Lisp code from fssim_common/CarInfo.msg[0m
[ 15%] [34m[1mGenerating Javascript code from fssim_common/CarInfo.msg[0m
[ 17%] [34m[1mGenerating EusLisp code from fssim_common/Cmd.msg[0m
[ 19%] [34m[1mGenerating Python from MSG fssim_common/CarInfo[0m
[ 21%] [34m[1mGenerating Lisp code from fssim_common/Cmd.msg[0m
[ 22%] [34m[1mGenerating Python from MSG fssim_common/Cmd[0m
[ 24%] [34m[1mGenerating C++ code from fssim_common/Cmd.msg[0m
[ 26%] [34m[1mGenerating C++ code from fssim_common/WheelSpeeds.msg[0m
[ 28%] [34m[1mGenerating Javascript code from fssim_common/Cmd.msg[0m
[ 29%] [34m[1mGenerating EusLisp code from fssim_common/WheelSpeeds.msg[0m
[ 31%] [34m[1mGenerating Lisp code from fssim_common/WheelSpeeds.msg[0m
[ 33%] [34m[1mGenerating Javascript code from fssim_common/WheelSpeeds.msg[0m
[ 36%] [34m[1mGenerating EusLisp code from fssim_common/TopicState.msg[0m
[ 36%] [34m[1mGenerating Javascript code from fssim_common/TopicState.msg[0m
[ 38%] [34m[1mGenerating Python from MSG fssim_common/WheelSpeeds[0m
[ 40%] [34m[1mGenerating Lisp code from fssim_common/TopicState.msg[0m
[ 42%] [34m[1mGenerating Python from MSG fssim_common/TopicState[0m
[ 43%] [34m[1mGenerating C++ code from fssim_common/SimHealth.msg[0m
[ 45%] [34m[1mGenerating C++ code from fssim_common/TopicState.msg[0m
[ 47%] [34m[1mGenerating Javascript code from fssim_common/SimHealth.msg[0m
[ 49%] [34m[1mGenerating Lisp code from fssim_common/SimHealth.msg[0m
[ 50%] [34m[1mGenerating EusLisp code from fssim_common/SimHealth.msg[0m
[ 52%] [34m[1mGenerating Javascript code from fssim_common/ResState.msg[0m
[ 54%] [34m[1mGenerating Lisp code from fssim_common/ResState.msg[0m
[ 56%] [34m[1mGenerating EusLisp code from fssim_common/ResState.msg[0m
[ 57%] [34m[1mGenerating Lisp code from fssim_common/TopicsHealth.msg[0m
[ 59%] [34m[1mGenerating Javascript code from fssim_common/TopicsHealth.msg[0m
[ 61%] [34m[1mGenerating Javascript code from fssim_common/Mission.msg[0m
[ 63%] [34m[1mGenerating Lisp code from fssim_common/Mission.msg[0m
[ 64%] [34m[1mGenerating Python from MSG fssim_common/SimHealth[0m
[ 66%] [34m[1mGenerating C++ code from fssim_common/ResState.msg[0m
[ 68%] [34m[1mGenerating C++ code from fssim_common/TopicsHealth.msg[0m
[ 70%] [34m[1mGenerating C++ code from fssim_common/Mission.msg[0m
[ 71%] [34m[1mGenerating Javascript code from fssim_common/Track.msg[0m
[ 73%] [34m[1mGenerating Lisp code from fssim_common/Track.msg[0m
[ 75%] [34m[1mGenerating EusLisp code from fssim_common/TopicsHealth.msg[0m
[ 77%] [34m[1mGenerating Lisp code from fssim_common/State.msg[0m
[ 78%] [34m[1mGenerating Python from MSG fssim_common/ResState[0m
[ 80%] [34m[1mGenerating Javascript code from fssim_common/State.msg[0m
[ 82%] [34m[1mGenerating Python from MSG fssim_common/TopicsHealth[0m
[ 84%] [34m[1mGenerating C++ code from fssim_common/Track.msg[0m
[ 85%] [34m[1mGenerating EusLisp code from fssim_common/Mission.msg[0m
[ 87%] [34m[1mGenerating C++ code from fssim_common/State.msg[0m
[ 87%] Built target fssim_common_generate_messages_lisp
[ 87%] Built target fssim_common_generate_messages_nodejs
[ 89%] [34m[1mGenerating EusLisp code from fssim_common/Track.msg[0m
[ 91%] [34m[1mGenerating EusLisp code from fssim_common/State.msg[0m
[ 92%] [34m[1mGenerating EusLisp manifest code for fssim_common[0m
[ 94%] [34m[1mGenerating Python from MSG fssim_common/Mission[0m
[ 96%] [34m[1mGenerating Python from MSG fssim_common/Track[0m
[ 98%] [34m[1mGenerating Python from MSG fssim_common/State[0m
[ 98%] Built target fssim_common_generate_messages_cpp
[100%] [34m[1mGenerating Python msg __init__.py for fssim_common[0m
[100%] Built target fssim_common_generate_messages_py
[100%] Built target fssim_common_generate_messages_eus
[35m[1mScanning dependencies of target fssim_common_generate_messages[0m
[100%] Built target fssim_common_generate_messages
