Symlinking /home/andva/PromRacing/fsd_skeleton/devel/share/fssim_common/cmake/fssim_common-msg-paths.cmake
Symlinking /home/andva/PromRacing/fsd_skeleton/devel/share/fssim_common/cmake/fssim_commonConfig.cmake
Symlinking /home/andva/PromRacing/fsd_skeleton/devel/share/fssim_common/cmake/fssim_commonConfig-version.cmake
Symlinking /home/andva/PromRacing/fsd_skeleton/devel/share/fssim_common/cmake/fssim_common-msg-extras.cmake
Symlinking /home/andva/PromRacing/fsd_skeleton/devel/share/common-lisp/ros/fssim_common/msg/_package_CarInfo.lisp
Symlinking /home/andva/PromRacing/fsd_skeleton/devel/share/common-lisp/ros/fssim_common/msg/CarInfo.lisp
Symlinking /home/andva/PromRacing/fsd_skeleton/devel/share/common-lisp/ros/fssim_common/msg/Track.lisp
Symlinking /home/andva/PromRacing/fsd_skeleton/devel/share/common-lisp/ros/fssim_common/msg/WheelSpeeds.lisp
Symlinking /home/andva/PromRacing/fsd_skeleton/devel/share/common-lisp/ros/fssim_common/msg/_package_TopicState.lisp
Symlinking /home/andva/PromRacing/fsd_skeleton/devel/share/common-lisp/ros/fssim_common/msg/Mission.lisp
Symlinking /home/andva/PromRacing/fsd_skeleton/devel/share/common-lisp/ros/fssim_common/msg/_package_Track.lisp
Symlinking /home/andva/PromRacing/fsd_skeleton/devel/share/common-lisp/ros/fssim_common/msg/fssim_common-msg.asd
Symlinking /home/andva/PromRacing/fsd_skeleton/devel/share/common-lisp/ros/fssim_common/msg/TopicsHealth.lisp
Symlinking /home/andva/PromRacing/fsd_skeleton/devel/share/common-lisp/ros/fssim_common/msg/SimHealth.lisp
Symlinking /home/andva/PromRacing/fsd_skeleton/devel/share/common-lisp/ros/fssim_common/msg/Vector3Ext.lisp
Symlinking /home/andva/PromRacing/fsd_skeleton/devel/share/common-lisp/ros/fssim_common/msg/_package_Mission.lisp
Symlinking /home/andva/PromRacing/fsd_skeleton/devel/share/common-lisp/ros/fssim_common/msg/ResState.lisp
Symlinking /home/andva/PromRacing/fsd_skeleton/devel/share/common-lisp/ros/fssim_common/msg/_package_ResState.lisp
Symlinking /home/andva/PromRacing/fsd_skeleton/devel/share/common-lisp/ros/fssim_common/msg/_package.lisp
Symlinking /home/andva/PromRacing/fsd_skeleton/devel/share/common-lisp/ros/fssim_common/msg/_package_WheelSpeeds.lisp
Symlinking /home/andva/PromRacing/fsd_skeleton/devel/share/common-lisp/ros/fssim_common/msg/_package_Vector3Ext.lisp
Symlinking /home/andva/PromRacing/fsd_skeleton/devel/share/common-lisp/ros/fssim_common/msg/Cmd.lisp
Symlinking /home/andva/PromRacing/fsd_skeleton/devel/share/common-lisp/ros/fssim_common/msg/_package_TopicsHealth.lisp
Symlinking /home/andva/PromRacing/fsd_skeleton/devel/share/common-lisp/ros/fssim_common/msg/_package_Cmd.lisp
Symlinking /home/andva/PromRacing/fsd_skeleton/devel/share/common-lisp/ros/fssim_common/msg/_package_SimHealth.lisp
Symlinking /home/andva/PromRacing/fsd_skeleton/devel/share/common-lisp/ros/fssim_common/msg/_package_State.lisp
Symlinking /home/andva/PromRacing/fsd_skeleton/devel/share/common-lisp/ros/fssim_common/msg/TopicState.lisp
Symlinking /home/andva/PromRacing/fsd_skeleton/devel/share/common-lisp/ros/fssim_common/msg/State.lisp
Symlinking /home/andva/PromRacing/fsd_skeleton/devel/share/roseus/ros/fssim_common/manifest.l
Symlinking /home/andva/PromRacing/fsd_skeleton/devel/share/roseus/ros/fssim_common/msg/Vector3Ext.l
Symlinking /home/andva/PromRacing/fsd_skeleton/devel/share/roseus/ros/fssim_common/msg/ResState.l
Symlinking /home/andva/PromRacing/fsd_skeleton/devel/share/roseus/ros/fssim_common/msg/TopicsHealth.l
Symlinking /home/andva/PromRacing/fsd_skeleton/devel/share/roseus/ros/fssim_common/msg/Mission.l
Symlinking /home/andva/PromRacing/fsd_skeleton/devel/share/roseus/ros/fssim_common/msg/SimHealth.l
Symlinking /home/andva/PromRacing/fsd_skeleton/devel/share/roseus/ros/fssim_common/msg/Track.l
Symlinking /home/andva/PromRacing/fsd_skeleton/devel/share/roseus/ros/fssim_common/msg/State.l
Symlinking /home/andva/PromRacing/fsd_skeleton/devel/share/roseus/ros/fssim_common/msg/Cmd.l
Symlinking /home/andva/PromRacing/fsd_skeleton/devel/share/roseus/ros/fssim_common/msg/TopicState.l
Symlinking /home/andva/PromRacing/fsd_skeleton/devel/share/roseus/ros/fssim_common/msg/CarInfo.l
Symlinking /home/andva/PromRacing/fsd_skeleton/devel/share/roseus/ros/fssim_common/msg/WheelSpeeds.l
Symlinking /home/andva/PromRacing/fsd_skeleton/devel/share/gennodejs/ros/fssim_common/_index.js
Symlinking /home/andva/PromRacing/fsd_skeleton/devel/share/gennodejs/ros/fssim_common/msg/TopicsHealth.js
Symlinking /home/andva/PromRacing/fsd_skeleton/devel/share/gennodejs/ros/fssim_common/msg/TopicState.js
Symlinking /home/andva/PromRacing/fsd_skeleton/devel/share/gennodejs/ros/fssim_common/msg/CarInfo.js
Symlinking /home/andva/PromRacing/fsd_skeleton/devel/share/gennodejs/ros/fssim_common/msg/WheelSpeeds.js
Symlinking /home/andva/PromRacing/fsd_skeleton/devel/share/gennodejs/ros/fssim_common/msg/ResState.js
Symlinking /home/andva/PromRacing/fsd_skeleton/devel/share/gennodejs/ros/fssim_common/msg/_index.js
Symlinking /home/andva/PromRacing/fsd_skeleton/devel/share/gennodejs/ros/fssim_common/msg/State.js
Symlinking /home/andva/PromRacing/fsd_skeleton/devel/share/gennodejs/ros/fssim_common/msg/Cmd.js
Symlinking /home/andva/PromRacing/fsd_skeleton/devel/share/gennodejs/ros/fssim_common/msg/Track.js
Symlinking /home/andva/PromRacing/fsd_skeleton/devel/share/gennodejs/ros/fssim_common/msg/Mission.js
Symlinking /home/andva/PromRacing/fsd_skeleton/devel/share/gennodejs/ros/fssim_common/msg/Vector3Ext.js
Symlinking /home/andva/PromRacing/fsd_skeleton/devel/share/gennodejs/ros/fssim_common/msg/SimHealth.js
Symlinking /home/andva/PromRacing/fsd_skeleton/devel/include/fssim_common/Vector3Ext.h
Symlinking /home/andva/PromRacing/fsd_skeleton/devel/include/fssim_common/WheelSpeeds.h
Symlinking /home/andva/PromRacing/fsd_skeleton/devel/include/fssim_common/ResState.h
Symlinking /home/andva/PromRacing/fsd_skeleton/devel/include/fssim_common/CarInfo.h
Symlinking /home/andva/PromRacing/fsd_skeleton/devel/include/fssim_common/TopicsHealth.h
Symlinking /home/andva/PromRacing/fsd_skeleton/devel/include/fssim_common/State.h
Symlinking /home/andva/PromRacing/fsd_skeleton/devel/include/fssim_common/SimHealth.h
Symlinking /home/andva/PromRacing/fsd_skeleton/devel/include/fssim_common/TopicState.h
Symlinking /home/andva/PromRacing/fsd_skeleton/devel/include/fssim_common/Track.h
Symlinking /home/andva/PromRacing/fsd_skeleton/devel/include/fssim_common/Cmd.h
Symlinking /home/andva/PromRacing/fsd_skeleton/devel/include/fssim_common/Mission.h
Symlinking /home/andva/PromRacing/fsd_skeleton/devel/lib/python3/dist-packages/fssim_common/__init__.py
Symlinking /home/andva/PromRacing/fsd_skeleton/devel/lib/python3/dist-packages/fssim_common/msg/_State.py
Symlinking /home/andva/PromRacing/fsd_skeleton/devel/lib/python3/dist-packages/fssim_common/msg/_Mission.py
Symlinking /home/andva/PromRacing/fsd_skeleton/devel/lib/python3/dist-packages/fssim_common/msg/_CarInfo.py
Symlinking /home/andva/PromRacing/fsd_skeleton/devel/lib/python3/dist-packages/fssim_common/msg/_TopicsHealth.py
Symlinking /home/andva/PromRacing/fsd_skeleton/devel/lib/python3/dist-packages/fssim_common/msg/_Cmd.py
Symlinking /home/andva/PromRacing/fsd_skeleton/devel/lib/python3/dist-packages/fssim_common/msg/_Vector3Ext.py
Symlinking /home/andva/PromRacing/fsd_skeleton/devel/lib/python3/dist-packages/fssim_common/msg/__init__.py
Symlinking /home/andva/PromRacing/fsd_skeleton/devel/lib/python3/dist-packages/fssim_common/msg/_ResState.py
Symlinking /home/andva/PromRacing/fsd_skeleton/devel/lib/python3/dist-packages/fssim_common/msg/_Track.py
Symlinking /home/andva/PromRacing/fsd_skeleton/devel/lib/python3/dist-packages/fssim_common/msg/_TopicState.py
Symlinking /home/andva/PromRacing/fsd_skeleton/devel/lib/python3/dist-packages/fssim_common/msg/_SimHealth.py
Symlinking /home/andva/PromRacing/fsd_skeleton/devel/lib/python3/dist-packages/fssim_common/msg/_WheelSpeeds.py
Symlinking /home/andva/PromRacing/fsd_skeleton/devel/lib/pkgconfig/fssim_common.pc
