[  0%] Built target geometry_msgs_generate_messages_cpp
[  0%] Built target std_msgs_generate_messages_cpp
[  0%] Built target _fssim_common_generate_messages_check_deps_Track
[  0%] Built target _fssim_common_generate_messages_check_deps_TopicsHealth
[  0%] Built target _fssim_common_generate_messages_check_deps_WheelSpeeds
[  0%] Built target _fssim_common_generate_messages_check_deps_SimHealth
[  0%] Built target _fssim_common_generate_messages_check_deps_Mission
[  0%] Built target _fssim_common_generate_messages_check_deps_Vector3Ext
[  0%] Built target _fssim_common_generate_messages_check_deps_Cmd
[  0%] Built target _fssim_common_generate_messages_check_deps_TopicState
[  0%] Built target _fssim_common_generate_messages_check_deps_CarInfo
[  0%] Built target std_msgs_generate_messages_py
[  0%] Built target geometry_msgs_generate_messages_py
[  0%] Built target std_msgs_generate_messages_eus
[  0%] Built target geometry_msgs_generate_messages_eus
[  0%] Built target _fssim_common_generate_messages_check_deps_State
[  0%] Built target _fssim_common_generate_messages_check_deps_ResState
[  0%] Built target geometry_msgs_generate_messages_nodejs
[  0%] Built target std_msgs_generate_messages_nodejs
[  0%] Built target std_msgs_generate_messages_lisp
[  0%] Built target geometry_msgs_generate_messages_lisp
[ 19%] Built target fssim_common_generate_messages_cpp
[ 40%] Built target fssim_common_generate_messages_eus
[ 61%] Built target fssim_common_generate_messages_py
[ 96%] Built target fssim_common_generate_messages_lisp
[100%] Built target fssim_common_generate_messages_nodejs
[100%] Built target fssim_common_generate_messages
