[  0%] Built target _fsd_common_msgs_generate_messages_check_deps_Mission
[  0%] Built target _fsd_common_msgs_generate_messages_check_deps_CarStateDt
[  0%] Built target _fsd_common_msgs_generate_messages_check_deps_Map
[  0%] Built target _fsd_common_msgs_generate_messages_check_deps_ConeDetections
[  0%] Built target _fsd_common_msgs_generate_messages_check_deps_CarState
[  0%] Built target geometry_msgs_generate_messages_eus
[  0%] Built target std_msgs_generate_messages_eus
[  0%] Built target geometry_msgs_generate_messages_nodejs
[  0%] Built target std_msgs_generate_messages_nodejs
[  0%] Built target std_msgs_generate_messages_py
[  0%] Built target std_msgs_generate_messages_lisp
[  0%] Built target _fsd_common_msgs_generate_messages_check_deps_ControlCommand
[  0%] Built target _fsd_common_msgs_generate_messages_check_deps_Cone
[  0%] Built target geometry_msgs_generate_messages_py
[  0%] Built target geometry_msgs_generate_messages_lisp
[  0%] Built target std_msgs_generate_messages_cpp
[  0%] Built target geometry_msgs_generate_messages_cpp
[ 21%] Built target fsd_common_msgs_generate_messages_eus
[ 40%] Built target fsd_common_msgs_generate_messages_nodejs
[ 62%] Built target fsd_common_msgs_generate_messages_py
[ 81%] Built target fsd_common_msgs_generate_messages_lisp
[100%] Built target fsd_common_msgs_generate_messages_cpp
[100%] Built target fsd_common_msgs_generate_messages
