Linked: (/home/andva/PromRacing/fsd_skeleton/devel/.private/fsd_common_msgs/share/common-lisp/ros/fsd_common_msgs/msg/Cone.lisp, /home/andva/PromRacing/fsd_skeleton/devel/share/common-lisp/ros/fsd_common_msgs/msg/Cone.lisp)
Linked: (/home/andva/PromRacing/fsd_skeleton/devel/.private/fsd_common_msgs/share/common-lisp/ros/fsd_common_msgs/msg/ControlCommand.lisp, /home/andva/PromRacing/fsd_skeleton/devel/share/common-lisp/ros/fsd_common_msgs/msg/ControlCommand.lisp)
Linked: (/home/andva/PromRacing/fsd_skeleton/devel/.private/fsd_common_msgs/share/common-lisp/ros/fsd_common_msgs/msg/_package_CarState.lisp, /home/andva/PromRacing/fsd_skeleton/devel/share/common-lisp/ros/fsd_common_msgs/msg/_package_CarState.lisp)
Linked: (/home/andva/PromRacing/fsd_skeleton/devel/.private/fsd_common_msgs/share/common-lisp/ros/fsd_common_msgs/msg/Mission.lisp, /home/andva/PromRacing/fsd_skeleton/devel/share/common-lisp/ros/fsd_common_msgs/msg/Mission.lisp)
Linked: (/home/andva/PromRacing/fsd_skeleton/devel/.private/fsd_common_msgs/share/common-lisp/ros/fsd_common_msgs/msg/ConeDetections.lisp, /home/andva/PromRacing/fsd_skeleton/devel/share/common-lisp/ros/fsd_common_msgs/msg/ConeDetections.lisp)
Linked: (/home/andva/PromRacing/fsd_skeleton/devel/.private/fsd_common_msgs/share/common-lisp/ros/fsd_common_msgs/msg/fsd_common_msgs-msg.asd, /home/andva/PromRacing/fsd_skeleton/devel/share/common-lisp/ros/fsd_common_msgs/msg/fsd_common_msgs-msg.asd)
Linked: (/home/andva/PromRacing/fsd_skeleton/devel/.private/fsd_common_msgs/share/common-lisp/ros/fsd_common_msgs/msg/_package_ConeDetections.lisp, /home/andva/PromRacing/fsd_skeleton/devel/share/common-lisp/ros/fsd_common_msgs/msg/_package_ConeDetections.lisp)
Linked: (/home/andva/PromRacing/fsd_skeleton/devel/.private/fsd_common_msgs/share/common-lisp/ros/fsd_common_msgs/msg/CarState.lisp, /home/andva/PromRacing/fsd_skeleton/devel/share/common-lisp/ros/fsd_common_msgs/msg/CarState.lisp)
Linked: (/home/andva/PromRacing/fsd_skeleton/devel/.private/fsd_common_msgs/share/common-lisp/ros/fsd_common_msgs/msg/_package_Mission.lisp, /home/andva/PromRacing/fsd_skeleton/devel/share/common-lisp/ros/fsd_common_msgs/msg/_package_Mission.lisp)
Linked: (/home/andva/PromRacing/fsd_skeleton/devel/.private/fsd_common_msgs/share/common-lisp/ros/fsd_common_msgs/msg/_package_CarStateDt.lisp, /home/andva/PromRacing/fsd_skeleton/devel/share/common-lisp/ros/fsd_common_msgs/msg/_package_CarStateDt.lisp)
Linked: (/home/andva/PromRacing/fsd_skeleton/devel/.private/fsd_common_msgs/share/common-lisp/ros/fsd_common_msgs/msg/_package.lisp, /home/andva/PromRacing/fsd_skeleton/devel/share/common-lisp/ros/fsd_common_msgs/msg/_package.lisp)
Linked: (/home/andva/PromRacing/fsd_skeleton/devel/.private/fsd_common_msgs/share/common-lisp/ros/fsd_common_msgs/msg/CarStateDt.lisp, /home/andva/PromRacing/fsd_skeleton/devel/share/common-lisp/ros/fsd_common_msgs/msg/CarStateDt.lisp)
Linked: (/home/andva/PromRacing/fsd_skeleton/devel/.private/fsd_common_msgs/share/common-lisp/ros/fsd_common_msgs/msg/Map.lisp, /home/andva/PromRacing/fsd_skeleton/devel/share/common-lisp/ros/fsd_common_msgs/msg/Map.lisp)
Linked: (/home/andva/PromRacing/fsd_skeleton/devel/.private/fsd_common_msgs/share/common-lisp/ros/fsd_common_msgs/msg/_package_ControlCommand.lisp, /home/andva/PromRacing/fsd_skeleton/devel/share/common-lisp/ros/fsd_common_msgs/msg/_package_ControlCommand.lisp)
Linked: (/home/andva/PromRacing/fsd_skeleton/devel/.private/fsd_common_msgs/share/common-lisp/ros/fsd_common_msgs/msg/_package_Cone.lisp, /home/andva/PromRacing/fsd_skeleton/devel/share/common-lisp/ros/fsd_common_msgs/msg/_package_Cone.lisp)
Linked: (/home/andva/PromRacing/fsd_skeleton/devel/.private/fsd_common_msgs/share/common-lisp/ros/fsd_common_msgs/msg/_package_Map.lisp, /home/andva/PromRacing/fsd_skeleton/devel/share/common-lisp/ros/fsd_common_msgs/msg/_package_Map.lisp)
Linked: (/home/andva/PromRacing/fsd_skeleton/devel/.private/fsd_common_msgs/share/roseus/ros/fsd_common_msgs/manifest.l, /home/andva/PromRacing/fsd_skeleton/devel/share/roseus/ros/fsd_common_msgs/manifest.l)
Linked: (/home/andva/PromRacing/fsd_skeleton/devel/.private/fsd_common_msgs/share/roseus/ros/fsd_common_msgs/msg/CarState.l, /home/andva/PromRacing/fsd_skeleton/devel/share/roseus/ros/fsd_common_msgs/msg/CarState.l)
Linked: (/home/andva/PromRacing/fsd_skeleton/devel/.private/fsd_common_msgs/share/roseus/ros/fsd_common_msgs/msg/Mission.l, /home/andva/PromRacing/fsd_skeleton/devel/share/roseus/ros/fsd_common_msgs/msg/Mission.l)
Linked: (/home/andva/PromRacing/fsd_skeleton/devel/.private/fsd_common_msgs/share/roseus/ros/fsd_common_msgs/msg/CarStateDt.l, /home/andva/PromRacing/fsd_skeleton/devel/share/roseus/ros/fsd_common_msgs/msg/CarStateDt.l)
Linked: (/home/andva/PromRacing/fsd_skeleton/devel/.private/fsd_common_msgs/share/roseus/ros/fsd_common_msgs/msg/ControlCommand.l, /home/andva/PromRacing/fsd_skeleton/devel/share/roseus/ros/fsd_common_msgs/msg/ControlCommand.l)
Linked: (/home/andva/PromRacing/fsd_skeleton/devel/.private/fsd_common_msgs/share/roseus/ros/fsd_common_msgs/msg/Map.l, /home/andva/PromRacing/fsd_skeleton/devel/share/roseus/ros/fsd_common_msgs/msg/Map.l)
Linked: (/home/andva/PromRacing/fsd_skeleton/devel/.private/fsd_common_msgs/share/roseus/ros/fsd_common_msgs/msg/Cone.l, /home/andva/PromRacing/fsd_skeleton/devel/share/roseus/ros/fsd_common_msgs/msg/Cone.l)
Linked: (/home/andva/PromRacing/fsd_skeleton/devel/.private/fsd_common_msgs/share/roseus/ros/fsd_common_msgs/msg/ConeDetections.l, /home/andva/PromRacing/fsd_skeleton/devel/share/roseus/ros/fsd_common_msgs/msg/ConeDetections.l)
Linked: (/home/andva/PromRacing/fsd_skeleton/devel/.private/fsd_common_msgs/share/fsd_common_msgs/cmake/fsd_common_msgsConfig-version.cmake, /home/andva/PromRacing/fsd_skeleton/devel/share/fsd_common_msgs/cmake/fsd_common_msgsConfig-version.cmake)
Linked: (/home/andva/PromRacing/fsd_skeleton/devel/.private/fsd_common_msgs/share/fsd_common_msgs/cmake/fsd_common_msgs-msg-paths.cmake, /home/andva/PromRacing/fsd_skeleton/devel/share/fsd_common_msgs/cmake/fsd_common_msgs-msg-paths.cmake)
Linked: (/home/andva/PromRacing/fsd_skeleton/devel/.private/fsd_common_msgs/share/fsd_common_msgs/cmake/fsd_common_msgs-msg-extras.cmake, /home/andva/PromRacing/fsd_skeleton/devel/share/fsd_common_msgs/cmake/fsd_common_msgs-msg-extras.cmake)
Linked: (/home/andva/PromRacing/fsd_skeleton/devel/.private/fsd_common_msgs/share/fsd_common_msgs/cmake/fsd_common_msgsConfig.cmake, /home/andva/PromRacing/fsd_skeleton/devel/share/fsd_common_msgs/cmake/fsd_common_msgsConfig.cmake)
Linked: (/home/andva/PromRacing/fsd_skeleton/devel/.private/fsd_common_msgs/share/gennodejs/ros/fsd_common_msgs/_index.js, /home/andva/PromRacing/fsd_skeleton/devel/share/gennodejs/ros/fsd_common_msgs/_index.js)
Linked: (/home/andva/PromRacing/fsd_skeleton/devel/.private/fsd_common_msgs/share/gennodejs/ros/fsd_common_msgs/msg/CarState.js, /home/andva/PromRacing/fsd_skeleton/devel/share/gennodejs/ros/fsd_common_msgs/msg/CarState.js)
Linked: (/home/andva/PromRacing/fsd_skeleton/devel/.private/fsd_common_msgs/share/gennodejs/ros/fsd_common_msgs/msg/ControlCommand.js, /home/andva/PromRacing/fsd_skeleton/devel/share/gennodejs/ros/fsd_common_msgs/msg/ControlCommand.js)
Linked: (/home/andva/PromRacing/fsd_skeleton/devel/.private/fsd_common_msgs/share/gennodejs/ros/fsd_common_msgs/msg/_index.js, /home/andva/PromRacing/fsd_skeleton/devel/share/gennodejs/ros/fsd_common_msgs/msg/_index.js)
Linked: (/home/andva/PromRacing/fsd_skeleton/devel/.private/fsd_common_msgs/share/gennodejs/ros/fsd_common_msgs/msg/ConeDetections.js, /home/andva/PromRacing/fsd_skeleton/devel/share/gennodejs/ros/fsd_common_msgs/msg/ConeDetections.js)
Linked: (/home/andva/PromRacing/fsd_skeleton/devel/.private/fsd_common_msgs/share/gennodejs/ros/fsd_common_msgs/msg/Map.js, /home/andva/PromRacing/fsd_skeleton/devel/share/gennodejs/ros/fsd_common_msgs/msg/Map.js)
Linked: (/home/andva/PromRacing/fsd_skeleton/devel/.private/fsd_common_msgs/share/gennodejs/ros/fsd_common_msgs/msg/Cone.js, /home/andva/PromRacing/fsd_skeleton/devel/share/gennodejs/ros/fsd_common_msgs/msg/Cone.js)
Linked: (/home/andva/PromRacing/fsd_skeleton/devel/.private/fsd_common_msgs/share/gennodejs/ros/fsd_common_msgs/msg/CarStateDt.js, /home/andva/PromRacing/fsd_skeleton/devel/share/gennodejs/ros/fsd_common_msgs/msg/CarStateDt.js)
Linked: (/home/andva/PromRacing/fsd_skeleton/devel/.private/fsd_common_msgs/share/gennodejs/ros/fsd_common_msgs/msg/Mission.js, /home/andva/PromRacing/fsd_skeleton/devel/share/gennodejs/ros/fsd_common_msgs/msg/Mission.js)
Linked: (/home/andva/PromRacing/fsd_skeleton/devel/.private/fsd_common_msgs/include/fsd_common_msgs/CarStateDt.h, /home/andva/PromRacing/fsd_skeleton/devel/include/fsd_common_msgs/CarStateDt.h)
Linked: (/home/andva/PromRacing/fsd_skeleton/devel/.private/fsd_common_msgs/include/fsd_common_msgs/ConeDetections.h, /home/andva/PromRacing/fsd_skeleton/devel/include/fsd_common_msgs/ConeDetections.h)
Linked: (/home/andva/PromRacing/fsd_skeleton/devel/.private/fsd_common_msgs/include/fsd_common_msgs/Map.h, /home/andva/PromRacing/fsd_skeleton/devel/include/fsd_common_msgs/Map.h)
Linked: (/home/andva/PromRacing/fsd_skeleton/devel/.private/fsd_common_msgs/include/fsd_common_msgs/Cone.h, /home/andva/PromRacing/fsd_skeleton/devel/include/fsd_common_msgs/Cone.h)
Linked: (/home/andva/PromRacing/fsd_skeleton/devel/.private/fsd_common_msgs/include/fsd_common_msgs/ControlCommand.h, /home/andva/PromRacing/fsd_skeleton/devel/include/fsd_common_msgs/ControlCommand.h)
Linked: (/home/andva/PromRacing/fsd_skeleton/devel/.private/fsd_common_msgs/include/fsd_common_msgs/CarState.h, /home/andva/PromRacing/fsd_skeleton/devel/include/fsd_common_msgs/CarState.h)
Linked: (/home/andva/PromRacing/fsd_skeleton/devel/.private/fsd_common_msgs/include/fsd_common_msgs/Mission.h, /home/andva/PromRacing/fsd_skeleton/devel/include/fsd_common_msgs/Mission.h)
Linked: (/home/andva/PromRacing/fsd_skeleton/devel/.private/fsd_common_msgs/lib/python3/dist-packages/fsd_common_msgs/__init__.py, /home/andva/PromRacing/fsd_skeleton/devel/lib/python3/dist-packages/fsd_common_msgs/__init__.py)
Linked: (/home/andva/PromRacing/fsd_skeleton/devel/.private/fsd_common_msgs/lib/python3/dist-packages/fsd_common_msgs/msg/_Mission.py, /home/andva/PromRacing/fsd_skeleton/devel/lib/python3/dist-packages/fsd_common_msgs/msg/_Mission.py)
Linked: (/home/andva/PromRacing/fsd_skeleton/devel/.private/fsd_common_msgs/lib/python3/dist-packages/fsd_common_msgs/msg/_CarStateDt.py, /home/andva/PromRacing/fsd_skeleton/devel/lib/python3/dist-packages/fsd_common_msgs/msg/_CarStateDt.py)
Linked: (/home/andva/PromRacing/fsd_skeleton/devel/.private/fsd_common_msgs/lib/python3/dist-packages/fsd_common_msgs/msg/_ConeDetections.py, /home/andva/PromRacing/fsd_skeleton/devel/lib/python3/dist-packages/fsd_common_msgs/msg/_ConeDetections.py)
Linked: (/home/andva/PromRacing/fsd_skeleton/devel/.private/fsd_common_msgs/lib/python3/dist-packages/fsd_common_msgs/msg/_Map.py, /home/andva/PromRacing/fsd_skeleton/devel/lib/python3/dist-packages/fsd_common_msgs/msg/_Map.py)
Linked: (/home/andva/PromRacing/fsd_skeleton/devel/.private/fsd_common_msgs/lib/python3/dist-packages/fsd_common_msgs/msg/_CarState.py, /home/andva/PromRacing/fsd_skeleton/devel/lib/python3/dist-packages/fsd_common_msgs/msg/_CarState.py)
Linked: (/home/andva/PromRacing/fsd_skeleton/devel/.private/fsd_common_msgs/lib/python3/dist-packages/fsd_common_msgs/msg/_ControlCommand.py, /home/andva/PromRacing/fsd_skeleton/devel/lib/python3/dist-packages/fsd_common_msgs/msg/_ControlCommand.py)
Linked: (/home/andva/PromRacing/fsd_skeleton/devel/.private/fsd_common_msgs/lib/python3/dist-packages/fsd_common_msgs/msg/__init__.py, /home/andva/PromRacing/fsd_skeleton/devel/lib/python3/dist-packages/fsd_common_msgs/msg/__init__.py)
Linked: (/home/andva/PromRacing/fsd_skeleton/devel/.private/fsd_common_msgs/lib/python3/dist-packages/fsd_common_msgs/msg/_Cone.py, /home/andva/PromRacing/fsd_skeleton/devel/lib/python3/dist-packages/fsd_common_msgs/msg/_Cone.py)
Linked: (/home/andva/PromRacing/fsd_skeleton/devel/.private/fsd_common_msgs/lib/pkgconfig/fsd_common_msgs.pc, /home/andva/PromRacing/fsd_skeleton/devel/lib/pkgconfig/fsd_common_msgs.pc)
